__DistroRid: linux-x64
__RuntimeId: linux-x64
  Determining projects to restore...
  Tool 'coverlet.console' (version '1.7.2') was restored. Available commands: coverlet
  Tool 'dotnet-reportgenerator-globaltool' (version '4.5.8') was restored. Available commands: reportgenerator
  Tool 'microsoft.dotnet.xharness.cli' (version '1.0.0-prerelease.20303.2') was restored. Available commands: xharness
  
  Restore was successful.
  All projects are up-to-date for restore.
  Determining projects to restore...
  All projects are up-to-date for restore.
  System.Private.CoreLib -> /home/swaroops/git/runtime/artifacts/bin/coreclr/Linux.x64.Debug/IL/System.Private.CoreLib.dll
  Commencing CoreCLR Repo build
  __DistroRid: linux-x64
  __RuntimeId: linux-x64
  Setting up directories for build
  Checking prerequisites...
  Restoring the OptimizationData package
  /home/swaroops/git/runtime/.dotnet/sdk/5.0.100-preview.6.20310.4/MSBuild.dll /nologo -bl:/home/swaroops/git/runtime/artifacts/log/Debug/OptRestore_Linux.x64.Debug.binlog -distributedlogger:Microsoft.DotNet.Tools.MSBuild.MSBuildLogger,/home/swaroops/git/runtime/.dotnet/sdk/5.0.100-preview.6.20310.4/dotnet.dll*Microsoft.DotNet.Tools.MSBuild.MSBuildForwardingLogger,/home/swaroops/git/runtime/.dotnet/sdk/5.0.100-preview.6.20310.4/dotnet.dll -maxcpucount /m /m -verbosity:m /v:minimal /clp:Summary /clp:nosummary /nr:true /nodeReuse:false /nodereuse:false /p:TreatWarningsAsErrors=true /p:ContinuousIntegrationBuild=false /p:TargetArchitecture=x64 /p:Configuration=Debug /p:TargetOS=Linux /t:Restore /warnaserror /home/swaroops/git/runtime/src/coreclr/src/.nuget/optdata/optdata.csproj
    Determining projects to restore...
    All projects are up-to-date for restore.
  Commencing build of "CoreCLR component" for Linux.x64.Debug in /home/swaroops/git/runtime/artifacts/obj/coreclr/Linux.x64.Debug
  /home/swaroops/git/runtime/.dotnet/sdk/5.0.100-preview.6.20310.4/MSBuild.dll /nologo -bl:/home/swaroops/git/runtime/artifacts/log/Debug/GenNativeVersion_Linux.x64.Debug.binlog -distributedlogger:Microsoft.DotNet.Tools.MSBuild.MSBuildLogger,/home/swaroops/git/runtime/.dotnet/sdk/5.0.100-preview.6.20310.4/dotnet.dll*Microsoft.DotNet.Tools.MSBuild.MSBuildForwardingLogger,/home/swaroops/git/runtime/.dotnet/sdk/5.0.100-preview.6.20310.4/dotnet.dll -maxcpucount /m -verbosity:m /v:minimal /clp:Summary /clp:nosummary /nr:true /nodeReuse:false /p:TreatWarningsAsErrors=true /p:ContinuousIntegrationBuild=false /p:NativeVersionFile=/home/swaroops/git/runtime/artifacts/obj/coreclr/Linux.x64.Debug/version.c /p:RuntimeVersionFile=/home/swaroops/git/runtime/artifacts/obj/coreclr/Linux.x64.Debug/../runtime_version.h /p:TargetArchitecture=x64 /p:Configuration=Debug /p:TargetOS=Linux /restore /t:GenerateRuntimeVersionFile /warnaserror /home/swaroops/git/runtime/eng/empty.csproj
    Determining projects to restore...
    All projects are up-to-date for restore.
  Invoking "/home/swaroops/git/runtime/eng/native/gen-buildsys.sh" "/home/swaroops/git/runtime/src/coreclr" "/home/swaroops/git/runtime/src/coreclr" "/home/swaroops/git/runtime/artifacts/obj/coreclr/Linux.x64.Debug" x64 clang "" "" Debug ""  -DCLR_ENG_NATIVE_DIR="/home/swaroops/git/runtime/eng/native" -DCLR_CMAKE_PGO_INSTRUMENT=0 -DCLR_CMAKE_OPTDATA_PATH=/home/swaroops/.nuget/packages/optimization.linux-x64.pgo.coreclr/99.99.99-master-20200228.3 -DCLR_CMAKE_PGO_OPTIMIZE=1 -DCLR_REPO_ROOT_DIR="/home/swaroops/git/runtime" 
  Detected Linux x86_64
  -- Configuring done
  -- Generating done
  -- Build files have been written to: /home/swaroops/git/runtime/artifacts/obj/coreclr/Linux.x64.Debug
  Executing cmake --build "/home/swaroops/git/runtime/artifacts/obj/coreclr/Linux.x64.Debug" --target install -j 8
  [  0%] Built target unixcoreruncommon
  [  1%] Built target jitinterface
  [  1%] Built target generated_eventing_headers
  [  1%] Built target tracepointprovider
  [  2%] Built target debug-pal
  [  2%] Built target dbgutil
  [  2%] Built target System.Globalization.Native-Static
  [  3%] Built target palrt
  [  3%] Built target nativeresourcestring
  [  3%] Built target lib_redefines_inc
  [  4%] Built target corguids
  [  5%] Built target mdhotdata_dac
  [  5%] Built target mscordaccore_exports
  [  5%] Built target mscordacobj
  [  5%] Built target mscorrc
  [  5%] Built target mdruntime_dac
  [  6%] Built target mdruntimerw_dac
  [  6%] Built target pal_redefines_file
  [  6%] Built target gcinfo_crossgen
  [  6%] Built target gcinfo
  [  6%] Built target gcinfo_arm64
  [  7%] Built target jit_exports
  [ 12%] Built target libunwind
  [ 13%] Built target mdcompiler_dac
  [ 14%] Built target mdruntime_wks
  [ 15%] Built target mdruntime_crossgen
  [ 16%] Built target mdruntime-dbi
  [ 16%] Built target mdruntimerw_wks
  [ 16%] Built target mdruntimerw-dbi
  [ 18%] Built target mdcompiler_wks
  [ 19%] Built target mdcompiler-dbi
  [ 19%] Built target mdhotdata_full
  [ 19%] Built target mdhotdata_crossgen
  [ 20%] Built target mdstaticapi
  [ 20%] Built target ceefgen
  [ 21%] Built target mdcompiler_crossgen
  [ 21%] Built target ildbsymlib
  [ 22%] Built target mdruntimerw_crossgen
  [ 22%] Built target mddatasource_dbi
  [ 22%] Built target debugshim
  [ 22%] Built target coreclr_exports
  [ 22%] Built target interop
  [ 22%] Built target mscordbi_exports
  [ 22%] Built target dbgshim_exports
  [ 22%] Built target corerun
  [ 23%] Built target eventprovider
  [ 23%] Built target coreclrtraceptprovider
  [ 24%] Built target mscorpe
  [ 24%] Built target coreconsole
  [ 25%] Built target corzap_crossgen
  Scanning dependencies of target coreclrpal
  [ 25%] Building CXX object src/pal/src/CMakeFiles/coreclrpal.dir/map/map.cpp.o
  [ 25%] Building CXX object src/pal/src/CMakeFiles/coreclrpal.dir/safecrt/wcslen_s.cpp.o
  [ 25%] Building CXX object src/pal/src/CMakeFiles/coreclrpal.dir/safecrt/wcsncpy_s.cpp.o
  [ 25%] Building CXX object src/pal/src/CMakeFiles/coreclrpal.dir/safecrt/wcsncat_s.cpp.o
  [ 25%] Building CXX object src/pal/src/CMakeFiles/coreclrpal.dir/safecrt/wcstok_s.cpp.o
  [ 25%] Building CXX object src/pal/src/CMakeFiles/coreclrpal.dir/safecrt/wmakepath_s.cpp.o
  [ 25%] Building CXX object src/pal/src/CMakeFiles/coreclrpal.dir/safecrt/wsplitpath_s.cpp.o
  [ 25%] Building CXX object src/pal/src/CMakeFiles/coreclrpal.dir/safecrt/xtoa_s.cpp.o
  [ 25%] Building CXX object src/pal/src/CMakeFiles/coreclrpal.dir/safecrt/xtow_s.cpp.o
  [ 25%] Building CXX object src/pal/src/CMakeFiles/coreclrpal.dir/sharedmemory/sharedmemory.cpp.o
  [ 26%] Building CXX object src/pal/src/CMakeFiles/coreclrpal.dir/shmemory/shmemory.cpp.o
  [ 26%] Building CXX object src/pal/src/CMakeFiles/coreclrpal.dir/sync/cs.cpp.o
  [ 26%] Building CXX object src/pal/src/CMakeFiles/coreclrpal.dir/synchobj/event.cpp.o
  [ 26%] Building CXX object src/pal/src/CMakeFiles/coreclrpal.dir/synchobj/semaphore.cpp.o
  [ 26%] Building CXX object src/pal/src/CMakeFiles/coreclrpal.dir/synchobj/mutex.cpp.o
  /home/swaroops/git/runtime/src/coreclr/src/pal/src/map/map.cpp:2236:45: error: arithmetic on a pointer to void
              *ppvBaseAddress = pvBaseAddress + adjust;
                                ~~~~~~~~~~~~~ ^
  [ 26%] Building CXX object src/pal/src/CMakeFiles/coreclrpal.dir/synchmgr/synchcontrollers.cpp.o
  1 error generated.
  make[2]: *** [src/pal/src/CMakeFiles/coreclrpal.dir/build.make:505: src/pal/src/CMakeFiles/coreclrpal.dir/map/map.cpp.o] Error 1
  make[2]: *** Waiting for unfinished jobs....
  [ 26%] Built target eventing_headers
  [ 27%] Built target clrgc
  [ 27%] Built target unwinder_dac
  [ 27%] Built target cordbee_dac
  [ 27%] Building CXX object src/vm/eventing/eventpipe/CMakeFiles/eventpipe.dir/eventpipe/dotnetruntimestress.cpp.o
  [ 27%] Building CXX object src/utilcode/CMakeFiles/utilcode_crossgen.dir/safewrap.cpp.o
  [ 27%] Building CXX object src/utilcode/CMakeFiles/utilcodestaticnohost.dir/check.cpp.o
  [ 28%] Built target daccess
  [ 28%] Building CXX object src/utilcode/CMakeFiles/utilcode_crossgen.dir/clrhost.cpp.o
  [ 28%] Building CXX object src/vm/eventing/eventpipe/CMakeFiles/eventpipe.dir/eventpipe/dotnetruntimeprivate.cpp.o
  make[1]: *** [CMakeFiles/Makefile2:1734: src/pal/src/CMakeFiles/coreclrpal.dir/all] Error 2
  make[1]: *** Waiting for unfinished jobs....
  [ 28%] Building C object src/vm/eventing/eventpipe/CMakeFiles/eventpipe.dir/__/__/__/__/version.c.o
  [ 28%] Building CXX object src/utilcode/CMakeFiles/utilcodestaticnohost.dir/log.cpp.o
  [ 35%] Built target cee_dac
  [ 36%] Building CXX object src/utilcode/CMakeFiles/utilcodestaticnohost.dir/arraylist.cpp.o
  [ 36%] Building CXX object src/utilcode/CMakeFiles/utilcode_crossgen.dir/cycletimer.cpp.o
  [ 36%] Building CXX object src/utilcode/CMakeFiles/utilcode_crossgen.dir/md5.cpp.o
  [ 36%] Building CXX object src/utilcode/CMakeFiles/utilcodestaticnohost.dir/bitvector.cpp.o
  [ 36%] Building CXX object src/utilcode/CMakeFiles/utilcodestaticnohost.dir/comex.cpp.o
  [ 36%] Building CXX object src/utilcode/CMakeFiles/utilcode_crossgen.dir/util.cpp.o
  [ 36%] Building CXX object src/utilcode/CMakeFiles/utilcode_crossgen.dir/stresslog.cpp.o
  [ 36%] Building CXX object src/utilcode/CMakeFiles/utilcodestaticnohost.dir/delayloadhelpers.cpp.o
  [ 36%] Building CXX object src/utilcode/CMakeFiles/utilcodestaticnohost.dir/guidfromname.cpp.o
  [ 36%] Building CXX object src/vm/wks/CMakeFiles/cee_wks.dir/__/baseassemblyspec.cpp.o
  [ 36%] Building CXX object src/utilcode/CMakeFiles/utilcodestaticnohost.dir/memorypool.cpp.o
  [ 36%] Building CXX object src/utilcode/CMakeFiles/utilcodestaticnohost.dir/iallocator.cpp.o
  [ 36%] Building CXX object src/utilcode/CMakeFiles/utilcodestaticnohost.dir/loaderheap.cpp.o
  [ 36%] Building CXX object src/utilcode/CMakeFiles/utilcode_crossgen.dir/debug.cpp.o
  [ 36%] Building CXX object src/utilcode/CMakeFiles/utilcodestaticnohost.dir/outstring.cpp.o
  [ 36%] Building CXX object src/utilcode/CMakeFiles/utilcodestaticnohost.dir/ilformatter.cpp.o
  [ 37%] Building CXX object src/utilcode/CMakeFiles/utilcode_crossgen.dir/pedecoder.cpp.o
  [ 37%] Building CXX object src/utilcode/CMakeFiles/utilcodestaticnohost.dir/opinfo.cpp.o
  [ 37%] Building CXX object src/utilcode/CMakeFiles/utilcode_crossgen.dir/winfix.cpp.o
  [ 37%] Building CXX object src/utilcode/CMakeFiles/utilcodestaticnohost.dir/corimage.cpp.o
  [ 37%] Building CXX object src/utilcode/CMakeFiles/utilcodestaticnohost.dir/format1.cpp.o
  [ 37%] Building CXX object src/utilcode/CMakeFiles/utilcodestaticnohost.dir/prettyprintsig.cpp.o
  [ 37%] Building CXX object src/utilcode/CMakeFiles/utilcodestaticnohost.dir/regutil.cpp.o
  [ 37%] Building CXX object src/utilcode/CMakeFiles/utilcode_crossgen.dir/longfilepathwrappers.cpp.o
  [ 37%] Building CXX object src/utilcode/CMakeFiles/utilcodestaticnohost.dir/sha1.cpp.o
  [ 37%] Building CXX object src/utilcode/CMakeFiles/utilcode_crossgen.dir/yieldprocessornormalized.cpp.o
  [ 37%] Building CXX object src/utilcode/CMakeFiles/utilcode_crossgen.dir/hostimpl.cpp.o
  [ 37%] Building CXX object src/utilcode/CMakeFiles/utilcodestaticnohost.dir/sigbuilder.cpp.o
  [ 37%] Building C object src/utilcode/CMakeFiles/utilcode_crossgen.dir/__/__/version.c.o
  [ 38%] Building CXX object src/utilcode/CMakeFiles/utilcodestaticnohost.dir/sigparser.cpp.o
  [ 38%] Building CXX object src/utilcode/CMakeFiles/utilcodestaticnohost.dir/sstring.cpp.o
  [ 38%] Building CXX object src/utilcode/CMakeFiles/utilcodestaticnohost.dir/util_nodependencies.cpp.o
  [ 38%] Building CXX object src/utilcode/CMakeFiles/utilcodestaticnohost.dir/utilmessagebox.cpp.o
  [ 38%] Linking CXX static library libutilcode_crossgen.a
  [ 40%] Built target utilcode_crossgen
  [ 40%] Building CXX object src/utilcode/CMakeFiles/utilcodestaticnohost.dir/safewrap.cpp.o
  [ 40%] Building CXX object src/utilcode/CMakeFiles/utilcodestaticnohost.dir/clrhost.cpp.o
  [ 40%] Building CXX object src/utilcode/CMakeFiles/utilcodestaticnohost.dir/cycletimer.cpp.o
  [ 40%] Linking CXX static library libeventpipe.a
  [ 40%] Building CXX object src/utilcode/CMakeFiles/utilcodestaticnohost.dir/md5.cpp.o
  [ 40%] Built target eventpipe
  [ 40%] Building CXX object src/utilcode/CMakeFiles/utilcodestaticnohost.dir/util.cpp.o
  [ 40%] Building CXX object src/utilcode/CMakeFiles/utilcodestaticnohost.dir/stresslog.cpp.o
  [ 40%] Building CXX object src/utilcode/CMakeFiles/utilcodestaticnohost.dir/debug.cpp.o
  [ 40%] Building CXX object src/utilcode/CMakeFiles/utilcodestaticnohost.dir/pedecoder.cpp.o
  [ 40%] Building CXX object src/utilcode/CMakeFiles/utilcodestaticnohost.dir/winfix.cpp.o
  [ 40%] Building CXX object src/utilcode/CMakeFiles/utilcodestaticnohost.dir/longfilepathwrappers.cpp.o
  [ 40%] Building CXX object src/utilcode/CMakeFiles/utilcodestaticnohost.dir/yieldprocessornormalized.cpp.o
  [ 40%] Building CXX object src/vm/wks/CMakeFiles/cee_wks.dir/__/binder.cpp.o
  [ 40%] Building CXX object src/utilcode/CMakeFiles/utilcodestaticnohost.dir/hostimpl.cpp.o
  [ 40%] Building C object src/utilcode/CMakeFiles/utilcodestaticnohost.dir/__/__/version.c.o
  [ 40%] Building CXX object src/vm/wks/CMakeFiles/cee_wks.dir/__/bundle.cpp.o
  [ 40%] Building CXX object src/vm/wks/CMakeFiles/cee_wks.dir/__/castcache.cpp.o
  [ 40%] Building CXX object src/vm/wks/CMakeFiles/cee_wks.dir/__/callcounting.cpp.o
  [ 40%] Building CXX object src/vm/wks/CMakeFiles/cee_wks.dir/__/ceeload.cpp.o
  [ 41%] Building CXX object src/vm/wks/CMakeFiles/cee_wks.dir/__/class.cpp.o
  [ 41%] Building CXX object src/vm/wks/CMakeFiles/cee_wks.dir/__/classhash.cpp.o
  [ 42%] Linking CXX static library libutilcodestaticnohost.a
  [ 43%] Built target utilcodestaticnohost
  [ 43%] Building CXX object src/vm/wks/CMakeFiles/cee_wks.dir/__/classlayoutinfo.cpp.o
  [ 43%] Building CXX object src/vm/wks/CMakeFiles/cee_wks.dir/__/clsload.cpp.o
  [ 43%] Building CXX object src/vm/wks/CMakeFiles/cee_wks.dir/__/codeman.cpp.o
  [ 43%] Building CXX object src/vm/wks/CMakeFiles/cee_wks.dir/__/codeversion.cpp.o
  [ 43%] Building CXX object src/vm/wks/CMakeFiles/cee_wks.dir/__/comdelegate.cpp.o
  [ 43%] Building CXX object src/vm/wks/CMakeFiles/cee_wks.dir/__/contractimpl.cpp.o
  [ 43%] Building CXX object src/vm/wks/CMakeFiles/cee_wks.dir/__/coreassemblyspec.cpp.o
  [ 43%] Building CXX object src/vm/wks/CMakeFiles/cee_wks.dir/__/corebindresult.cpp.o
  [ 43%] Building CXX object src/vm/wks/CMakeFiles/cee_wks.dir/__/corhost.cpp.o
  [ 43%] Building CXX object src/vm/wks/CMakeFiles/cee_wks.dir/__/crst.cpp.o
  [ 43%] Building CXX object src/vm/wks/CMakeFiles/cee_wks.dir/__/debugdebugger.cpp.o
  [ 43%] Building CXX object src/vm/wks/CMakeFiles/cee_wks.dir/__/debughelp.cpp.o
  [ 43%] Building CXX object src/vm/wks/CMakeFiles/cee_wks.dir/__/debuginfostore.cpp.o
  [ 43%] Building CXX object src/vm/wks/CMakeFiles/cee_wks.dir/__/decodemd.cpp.o
  [ 43%] Building CXX object src/vm/wks/CMakeFiles/cee_wks.dir/__/disassembler.cpp.o
  [ 44%] Building CXX object src/vm/wks/CMakeFiles/cee_wks.dir/__/dllimport.cpp.o
  [ 44%] Building CXX object src/vm/wks/CMakeFiles/cee_wks.dir/__/domainfile.cpp.o
  [ 44%] Building CXX object src/vm/wks/CMakeFiles/cee_wks.dir/__/dumpdiagnosticprotocolhelper.cpp.o
  [ 44%] Building CXX object src/vm/wks/CMakeFiles/cee_wks.dir/__/dynamicmethod.cpp.o
  [ 44%] Building CXX object src/vm/wks/CMakeFiles/cee_wks.dir/__/ecall.cpp.o
  [ 44%] Building CXX object src/vm/wks/CMakeFiles/cee_wks.dir/__/eedbginterfaceimpl.cpp.o
  [ 44%] Building CXX object src/vm/wks/CMakeFiles/cee_wks.dir/__/eehash.cpp.o
  [ 44%] Building CXX object src/vm/wks/CMakeFiles/cee_wks.dir/__/eetwain.cpp.o
  [ 44%] Building CXX object src/vm/wks/CMakeFiles/cee_wks.dir/__/encee.cpp.o
  [ 44%] Building CXX object src/vm/wks/CMakeFiles/cee_wks.dir/__/excep.cpp.o
  [ 44%] Building CXX object src/vm/wks/CMakeFiles/cee_wks.dir/__/exstate.cpp.o
  [ 44%] Building CXX object src/vm/wks/CMakeFiles/cee_wks.dir/__/field.cpp.o
  [ 44%] Building CXX object src/vm/wks/CMakeFiles/cee_wks.dir/__/formattype.cpp.o
  [ 44%] Building CXX object src/vm/wks/CMakeFiles/cee_wks.dir/__/fptrstubs.cpp.o
  [ 44%] Building CXX object src/vm/wks/CMakeFiles/cee_wks.dir/__/frames.cpp.o
  [ 44%] Building CXX object src/vm/wks/CMakeFiles/cee_wks.dir/__/gctoclreventsink.cpp.o
  [ 44%] Building CXX object src/vm/wks/CMakeFiles/cee_wks.dir/__/gcheaputilities.cpp.o
  [ 45%] Building CXX object src/vm/wks/CMakeFiles/cee_wks.dir/__/gchandleutilities.cpp.o
  [ 45%] Building CXX object src/vm/wks/CMakeFiles/cee_wks.dir/__/genericdict.cpp.o
  [ 45%] Building CXX object src/vm/wks/CMakeFiles/cee_wks.dir/__/generics.cpp.o
  [ 45%] Building CXX object src/vm/wks/CMakeFiles/cee_wks.dir/__/hash.cpp.o
  [ 45%] Building CXX object src/vm/wks/CMakeFiles/cee_wks.dir/__/hillclimbing.cpp.o
  [ 45%] Building CXX object src/vm/wks/CMakeFiles/cee_wks.dir/__/ilinstrumentation.cpp.o
  [ 45%] Building CXX object src/vm/wks/CMakeFiles/cee_wks.dir/__/ilstubcache.cpp.o
  [ 45%] Building CXX object src/vm/wks/CMakeFiles/cee_wks.dir/__/ilstubresolver.cpp.o
  [ 45%] Building CXX object src/vm/wks/CMakeFiles/cee_wks.dir/__/inlinetracking.cpp.o
  [ 45%] Building CXX object src/vm/wks/CMakeFiles/cee_wks.dir/__/instmethhash.cpp.o
  [ 45%] Building CXX object src/vm/wks/CMakeFiles/cee_wks.dir/__/jithost.cpp.o
  [ 45%] Building CXX object src/vm/wks/CMakeFiles/cee_wks.dir/__/jitinterface.cpp.o
  [ 45%] Building CXX object src/vm/wks/CMakeFiles/cee_wks.dir/__/loaderallocator.cpp.o
  [ 45%] Building CXX object src/vm/wks/CMakeFiles/cee_wks.dir/__/memberload.cpp.o
  [ 45%] Building CXX object src/vm/wks/CMakeFiles/cee_wks.dir/__/method.cpp.o
  [ 45%] Building CXX object src/vm/wks/CMakeFiles/cee_wks.dir/__/methoddescbackpatchinfo.cpp.o
  [ 45%] Building CXX object src/vm/wks/CMakeFiles/cee_wks.dir/__/methodimpl.cpp.o
  [ 46%] Building CXX object src/vm/wks/CMakeFiles/cee_wks.dir/__/methoditer.cpp.o
  [ 46%] Building CXX object src/vm/wks/CMakeFiles/cee_wks.dir/__/methodtable.cpp.o
  [ 46%] Building CXX object src/vm/wks/CMakeFiles/cee_wks.dir/__/nativeimage.cpp.o
  [ 46%] Building CXX object src/vm/wks/CMakeFiles/cee_wks.dir/__/object.cpp.o
  [ 46%] Building CXX object src/vm/wks/CMakeFiles/cee_wks.dir/__/onstackreplacement.cpp.o
  [ 46%] Building CXX object src/vm/wks/CMakeFiles/cee_wks.dir/__/pefile.cpp.o
  [ 46%] Building CXX object src/vm/wks/CMakeFiles/cee_wks.dir/__/peimage.cpp.o
  [ 46%] Building CXX object src/vm/wks/CMakeFiles/cee_wks.dir/__/peimagelayout.cpp.o
  [ 46%] Building CXX object src/vm/wks/CMakeFiles/cee_wks.dir/__/perfmap.cpp.o
  [ 46%] Building CXX object src/vm/wks/CMakeFiles/cee_wks.dir/__/perfinfo.cpp.o
  [ 46%] Building CXX object src/vm/wks/CMakeFiles/cee_wks.dir/__/pgo.cpp.o
  [ 46%] Building CXX object src/vm/wks/CMakeFiles/cee_wks.dir/__/precode.cpp.o
  [ 46%] Building CXX object src/vm/wks/CMakeFiles/cee_wks.dir/__/prestub.cpp.o
  [ 46%] Building CXX object src/vm/wks/CMakeFiles/cee_wks.dir/__/profilerdiagnosticprotocolhelper.cpp.o
  [ 46%] Building CXX object src/vm/wks/CMakeFiles/cee_wks.dir/__/rejit.cpp.o
  [ 46%] Building CXX object src/vm/wks/CMakeFiles/cee_wks.dir/__/sigformat.cpp.o
  [ 46%] Building CXX object src/vm/wks/CMakeFiles/cee_wks.dir/__/siginfo.cpp.o
  [ 46%] Building CXX object src/vm/wks/CMakeFiles/cee_wks.dir/__/spinlock.cpp.o
  [ 47%] Building CXX object src/vm/wks/CMakeFiles/cee_wks.dir/__/stackwalk.cpp.o
  [ 47%] Building CXX object src/vm/wks/CMakeFiles/cee_wks.dir/__/stublink.cpp.o
  [ 47%] Building CXX object src/vm/wks/CMakeFiles/cee_wks.dir/__/stubmgr.cpp.o
  [ 47%] Building CXX object src/vm/wks/CMakeFiles/cee_wks.dir/__/syncblk.cpp.o
  [ 47%] Building CXX object src/vm/wks/CMakeFiles/cee_wks.dir/__/threadpoolrequest.cpp.o
  [ 47%] Building CXX object src/vm/wks/CMakeFiles/cee_wks.dir/__/threads.cpp.o
  [ 47%] Building CXX object src/vm/wks/CMakeFiles/cee_wks.dir/__/threadstatics.cpp.o
  [ 47%] Building CXX object src/vm/wks/CMakeFiles/cee_wks.dir/__/tieredcompilation.cpp.o
  [ 47%] Building CXX object src/vm/wks/CMakeFiles/cee_wks.dir/__/typectxt.cpp.o
  [ 47%] Building CXX object src/vm/wks/CMakeFiles/cee_wks.dir/__/typedesc.cpp.o
  [ 47%] Building CXX object src/vm/wks/CMakeFiles/cee_wks.dir/__/typeequivalencehash.cpp.o
  [ 47%] Building CXX object src/vm/wks/CMakeFiles/cee_wks.dir/__/typehandle.cpp.o
  [ 47%] Building CXX object src/vm/wks/CMakeFiles/cee_wks.dir/__/typehash.cpp.o
  [ 47%] Building CXX object src/vm/wks/CMakeFiles/cee_wks.dir/__/typestring.cpp.o
  [ 47%] Building CXX object src/vm/wks/CMakeFiles/cee_wks.dir/__/util.cpp.o
  [ 47%] Building CXX object src/vm/wks/CMakeFiles/cee_wks.dir/__/vars.cpp.o
  [ 47%] Building CXX object src/vm/wks/CMakeFiles/cee_wks.dir/__/versionresilienthashcode.cpp.o
  [ 48%] Building CXX object src/vm/wks/CMakeFiles/cee_wks.dir/__/virtualcallstub.cpp.o
  [ 48%] Building CXX object src/vm/wks/CMakeFiles/cee_wks.dir/__/win32threadpool.cpp.o
  [ 48%] Building CXX object src/vm/wks/CMakeFiles/cee_wks.dir/__/yieldprocessornormalized.cpp.o
  [ 48%] Building CXX object src/vm/wks/CMakeFiles/cee_wks.dir/__/zapsig.cpp.o
  [ 48%] Building CXX object src/vm/wks/CMakeFiles/cee_wks.dir/__/readytoruninfo.cpp.o
  [ 48%] Building CXX object src/vm/wks/CMakeFiles/cee_wks.dir/__/appdomainnative.cpp.o
  [ 48%] Building CXX object src/vm/wks/CMakeFiles/cee_wks.dir/__/assemblyname.cpp.o
  [ 48%] Building CXX object src/vm/wks/CMakeFiles/cee_wks.dir/__/assemblynative.cpp.o
  [ 48%] Building CXX object src/vm/wks/CMakeFiles/cee_wks.dir/__/assemblyspec.cpp.o
  [ 48%] Building CXX object src/vm/wks/CMakeFiles/cee_wks.dir/__/cachelinealloc.cpp.o
  [ 48%] Building CXX object src/vm/wks/CMakeFiles/cee_wks.dir/__/callhelpers.cpp.o
  [ 48%] Building CXX object src/vm/wks/CMakeFiles/cee_wks.dir/__/callsiteinspect.cpp.o
  [ 48%] Building CXX object src/vm/wks/CMakeFiles/cee_wks.dir/__/ceemain.cpp.o
  [ 48%] Building CXX object src/vm/wks/CMakeFiles/cee_wks.dir/__/clrconfignative.cpp.o
  [ 48%] Building CXX object src/vm/wks/CMakeFiles/cee_wks.dir/__/clrex.cpp.o
  [ 48%] Building CXX object src/vm/wks/CMakeFiles/cee_wks.dir/__/clrprivbinderutil.cpp.o
  [ 48%] Building CXX object src/vm/wks/CMakeFiles/cee_wks.dir/__/clrvarargs.cpp.o
  [ 49%] Building CXX object src/vm/wks/CMakeFiles/cee_wks.dir/__/comdatetime.cpp.o
  [ 49%] Building CXX object src/vm/wks/CMakeFiles/cee_wks.dir/__/comdependenthandle.cpp.o
  [ 49%] Building CXX object src/vm/wks/CMakeFiles/cee_wks.dir/__/comdynamic.cpp.o
  [ 49%] Building CXX object src/vm/wks/CMakeFiles/cee_wks.dir/__/commodule.cpp.o
  [ 49%] Building CXX object src/vm/wks/CMakeFiles/cee_wks.dir/__/compatibilityswitch.cpp.o
  [ 49%] Building CXX object src/vm/wks/CMakeFiles/cee_wks.dir/__/comsynchronizable.cpp.o
  [ 49%] Building CXX object src/vm/wks/CMakeFiles/cee_wks.dir/__/comthreadpool.cpp.o
  [ 49%] Building CXX object src/vm/wks/CMakeFiles/cee_wks.dir/__/comutilnative.cpp.o
  [ 49%] Building CXX object src/vm/wks/CMakeFiles/cee_wks.dir/__/comwaithandle.cpp.o
  [ 49%] Building CXX object src/vm/wks/CMakeFiles/cee_wks.dir/__/customattribute.cpp.o
  [ 49%] Building CXX object src/vm/wks/CMakeFiles/cee_wks.dir/__/custommarshalerinfo.cpp.o
  [ 49%] Building CXX object src/vm/wks/CMakeFiles/cee_wks.dir/__/autotrace.cpp.o
  [ 49%] Building CXX object src/vm/wks/CMakeFiles/cee_wks.dir/__/diagnosticserver.cpp.o
  [ 49%] Building CXX object src/vm/wks/CMakeFiles/cee_wks.dir/__/dllimportcallback.cpp.o
  [ 49%] Building CXX object src/vm/wks/CMakeFiles/cee_wks.dir/__/dynamicinterfacecastable.cpp.o
  [ 49%] Building CXX object src/vm/wks/CMakeFiles/cee_wks.dir/__/eeconfig.cpp.o
  [ 49%] Building CXX object src/vm/wks/CMakeFiles/cee_wks.dir/__/eecontract.cpp.o
  [ 50%] Building CXX object src/vm/wks/CMakeFiles/cee_wks.dir/__/eemessagebox.cpp.o
  [ 50%] Building CXX object src/vm/wks/CMakeFiles/cee_wks.dir/__/eepolicy.cpp.o
  [ 50%] Building CXX object src/vm/wks/CMakeFiles/cee_wks.dir/__/eetoprofinterfaceimpl.cpp.o
  [ 50%] Building CXX object src/vm/wks/CMakeFiles/cee_wks.dir/__/eventpipe.cpp.o
  [ 50%] Building CXX object src/vm/wks/CMakeFiles/cee_wks.dir/__/eventpipeconfiguration.cpp.o
  [ 50%] Building CXX object src/vm/wks/CMakeFiles/cee_wks.dir/__/eventpipeevent.cpp.o
  [ 50%] Building CXX object src/vm/wks/CMakeFiles/cee_wks.dir/__/eventpipeeventinstance.cpp.o
  [ 50%] Building CXX object src/vm/wks/CMakeFiles/cee_wks.dir/__/eventpipeeventpayload.cpp.o
  [ 50%] Building CXX object src/vm/wks/CMakeFiles/cee_wks.dir/__/eventpipeeventsource.cpp.o
  [ 50%] Building CXX object src/vm/wks/CMakeFiles/cee_wks.dir/__/eventpipeblock.cpp.o
  [ 50%] Building CXX object src/vm/wks/CMakeFiles/cee_wks.dir/__/eventpipecommontypes.cpp.o
  [ 50%] Building CXX object src/vm/wks/CMakeFiles/cee_wks.dir/__/eventpipefile.cpp.o
  [ 50%] Building CXX object src/vm/wks/CMakeFiles/cee_wks.dir/__/eventpipeinternal.cpp.o
  [ 50%] Building CXX object src/vm/wks/CMakeFiles/cee_wks.dir/__/eventpipejsonfile.cpp.o
  [ 50%] Building CXX object src/vm/wks/CMakeFiles/cee_wks.dir/__/eventpipemetadatagenerator.cpp.o
  [ 50%] Building CXX object src/vm/wks/CMakeFiles/cee_wks.dir/__/eventpipeprotocolhelper.cpp.o
  [ 50%] Building CXX object src/vm/wks/CMakeFiles/cee_wks.dir/__/eventpipeprovider.cpp.o
  [ 51%] Building CXX object src/vm/wks/CMakeFiles/cee_wks.dir/__/eventpipethread.cpp.o
  [ 51%] Building CXX object src/vm/wks/CMakeFiles/cee_wks.dir/__/eventpipebuffer.cpp.o
  [ 51%] Building CXX object src/vm/wks/CMakeFiles/cee_wks.dir/__/eventpipebuffermanager.cpp.o
  [ 51%] Building CXX object src/vm/wks/CMakeFiles/cee_wks.dir/__/eventpipesession.cpp.o
  [ 51%] Building CXX object src/vm/wks/CMakeFiles/cee_wks.dir/__/eventpipesessionprovider.cpp.o
  [ 51%] Building CXX object src/vm/wks/CMakeFiles/cee_wks.dir/__/eventstore.cpp.o
  [ 51%] Building CXX object src/vm/wks/CMakeFiles/cee_wks.dir/__/fastserializer.cpp.o
  [ 51%] Building CXX object src/vm/wks/CMakeFiles/cee_wks.dir/__/fcall.cpp.o
  [ 51%] Building CXX object src/vm/wks/CMakeFiles/cee_wks.dir/__/fieldmarshaler.cpp.o
  [ 51%] Building CXX object src/vm/wks/CMakeFiles/cee_wks.dir/__/finalizerthread.cpp.o
  [ 51%] Building CXX object src/vm/wks/CMakeFiles/cee_wks.dir/__/gccover.cpp.o
  [ 51%] Building CXX object src/vm/wks/CMakeFiles/cee_wks.dir/__/gcenv.ee.static.cpp.o
  [ 51%] Building CXX object src/vm/wks/CMakeFiles/cee_wks.dir/__/gcenv.ee.common.cpp.o
  [ 51%] Building CXX object src/vm/wks/CMakeFiles/cee_wks.dir/__/gcenv.os.cpp.o
  [ 51%] Building CXX object src/vm/wks/CMakeFiles/cee_wks.dir/__/gchelpers.cpp.o
  [ 51%] Building CXX object src/vm/wks/CMakeFiles/cee_wks.dir/__/genmeth.cpp.o
  [ 51%] Building CXX object src/vm/wks/CMakeFiles/cee_wks.dir/__/hosting.cpp.o
  [ 52%] Building CXX object src/vm/wks/CMakeFiles/cee_wks.dir/__/ibclogger.cpp.o
  [ 52%] Building CXX object src/vm/wks/CMakeFiles/cee_wks.dir/__/ilmarshalers.cpp.o
  [ 52%] Building CXX object src/vm/wks/CMakeFiles/cee_wks.dir/__/interopconverter.cpp.o
  [ 52%] Building CXX object src/vm/wks/CMakeFiles/cee_wks.dir/__/interoputil.cpp.o
  [ 52%] Building CXX object src/vm/wks/CMakeFiles/cee_wks.dir/__/interpreter.cpp.o
  [ 52%] Building CXX object src/vm/wks/CMakeFiles/cee_wks.dir/__/invokeutil.cpp.o
  [ 52%] Building CXX object src/vm/wks/CMakeFiles/cee_wks.dir/__/ipcstreamfactory.cpp.o
  [ 52%] Building CXX object src/vm/wks/CMakeFiles/cee_wks.dir/__/jithelpers.cpp.o
  [ 52%] Building CXX object src/vm/wks/CMakeFiles/cee_wks.dir/__/managedmdimport.cpp.o
  [ 52%] Building CXX object src/vm/wks/CMakeFiles/cee_wks.dir/__/marshalnative.cpp.o
  [ 52%] Building CXX object src/vm/wks/CMakeFiles/cee_wks.dir/__/methodtablebuilder.cpp.o
  [ 52%] Building CXX object src/vm/wks/CMakeFiles/cee_wks.dir/__/mlinfo.cpp.o
  [ 52%] Building CXX object src/vm/wks/CMakeFiles/cee_wks.dir/__/mscorlib.cpp.o
  [ 52%] Building CXX object src/vm/wks/CMakeFiles/cee_wks.dir/__/multicorejit.cpp.o
  [ 52%] Building CXX object src/vm/wks/CMakeFiles/cee_wks.dir/__/multicorejitplayer.cpp.o
  [ 52%] Building CXX object src/vm/wks/CMakeFiles/cee_wks.dir/__/nativeeventsource.cpp.o
  [ 52%] Building CXX object src/vm/wks/CMakeFiles/cee_wks.dir/__/nativeoverlapped.cpp.o
  [ 52%] Building CXX object src/vm/wks/CMakeFiles/cee_wks.dir/__/nativelibrarynative.cpp.o
  [ 53%] Building CXX object src/vm/wks/CMakeFiles/cee_wks.dir/__/objectlist.cpp.o
  [ 53%] Building CXX object src/vm/wks/CMakeFiles/cee_wks.dir/__/olevariant.cpp.o
  [ 53%] Building CXX object src/vm/wks/CMakeFiles/cee_wks.dir/__/pendingload.cpp.o
  [ 53%] Building CXX object src/vm/wks/CMakeFiles/cee_wks.dir/__/profdetach.cpp.o
  [ 53%] Building CXX object src/vm/wks/CMakeFiles/cee_wks.dir/__/profilermetadataemitvalidator.cpp.o
  [ 53%] Building CXX object src/vm/wks/CMakeFiles/cee_wks.dir/__/profilingenumerators.cpp.o
  [ 53%] Building CXX object src/vm/wks/CMakeFiles/cee_wks.dir/__/profilinghelper.cpp.o
  [ 53%] Building CXX object src/vm/wks/CMakeFiles/cee_wks.dir/__/proftoeeinterfaceimpl.cpp.o
  [ 53%] Building CXX object src/vm/wks/CMakeFiles/cee_wks.dir/__/qcall.cpp.o
  [ 53%] Building CXX object src/vm/wks/CMakeFiles/cee_wks.dir/__/reflectclasswriter.cpp.o
  [ 53%] Building CXX object src/vm/wks/CMakeFiles/cee_wks.dir/__/reflectioninvocation.cpp.o
  [ 53%] Building CXX object src/vm/wks/CMakeFiles/cee_wks.dir/__/runtimehandles.cpp.o
  [ 53%] Building CXX object src/vm/wks/CMakeFiles/cee_wks.dir/__/safehandle.cpp.o
  [ 53%] Building CXX object src/vm/wks/CMakeFiles/cee_wks.dir/__/sampleprofiler.cpp.o
  [ 53%] Building CXX object src/vm/wks/CMakeFiles/cee_wks.dir/__/simplerwlock.cpp.o
  [ 53%] Building CXX object src/vm/wks/CMakeFiles/cee_wks.dir/__/sourceline.cpp.o
  [ 53%] Building CXX object src/vm/wks/CMakeFiles/cee_wks.dir/__/stackingallocator.cpp.o
  [ 54%] Building CXX object src/vm/wks/CMakeFiles/cee_wks.dir/__/stringliteralmap.cpp.o
  [ 54%] Building CXX object src/vm/wks/CMakeFiles/cee_wks.dir/__/stubcache.cpp.o
  [ 54%] Building CXX object src/vm/wks/CMakeFiles/cee_wks.dir/__/stubgen.cpp.o
  [ 54%] Building CXX object src/vm/wks/CMakeFiles/cee_wks.dir/__/stubhelpers.cpp.o
  [ 54%] Building CXX object src/vm/wks/CMakeFiles/cee_wks.dir/__/syncclean.cpp.o
  [ 54%] Building CXX object src/vm/wks/CMakeFiles/cee_wks.dir/__/synch.cpp.o
  [ 54%] Building CXX object src/vm/wks/CMakeFiles/cee_wks.dir/__/tailcallhelp.cpp.o
  [ 54%] Building CXX object src/vm/wks/CMakeFiles/cee_wks.dir/__/threaddebugblockinginfo.cpp.o
  [ 54%] Building CXX object src/vm/wks/CMakeFiles/cee_wks.dir/__/threadsuspend.cpp.o
  [ 54%] Building CXX object src/vm/wks/CMakeFiles/cee_wks.dir/__/typeparse.cpp.o
  [ 54%] Building CXX object src/vm/wks/CMakeFiles/cee_wks.dir/__/weakreferencenative.cpp.o
  [ 54%] Building CXX object src/vm/wks/CMakeFiles/cee_wks.dir/__/eventtrace.cpp.o
  [ 54%] Building CXX object src/vm/wks/CMakeFiles/cee_wks.dir/__/gcenv.ee.standalone.cpp.o
  [ 54%] Building CXX object src/vm/wks/CMakeFiles/cee_wks.dir/__/amd64/jitinterfaceamd64.cpp.o
  [ 54%] Building CXX object src/vm/wks/CMakeFiles/cee_wks.dir/__/amd64/profiler.cpp.o
  [ 54%] Building CXX object src/vm/wks/CMakeFiles/cee_wks.dir/__/exceptionhandling.cpp.o
  [ 54%] Building CXX object src/vm/wks/CMakeFiles/cee_wks.dir/__/gcinfodecoder.cpp.o
  [ 55%] Building CXX object src/vm/wks/CMakeFiles/cee_wks.dir/__/jitinterfacegen.cpp.o
  [ 55%] Building CXX object src/vm/wks/CMakeFiles/cee_wks.dir/__/amd64/unixstubs.cpp.o
  [ 55%] Building CXX object src/vm/wks/CMakeFiles/cee_wks.dir/__/amd64/cgenamd64.cpp.o
  [ 55%] Building CXX object src/vm/wks/CMakeFiles/cee_wks.dir/__/amd64/excepamd64.cpp.o
  [ 55%] Building CXX object src/vm/wks/CMakeFiles/cee_wks.dir/__/amd64/gmsamd64.cpp.o
  [ 55%] Building CXX object src/vm/wks/CMakeFiles/cee_wks.dir/__/amd64/stublinkeramd64.cpp.o
  [ 55%] Building CXX object src/vm/wks/CMakeFiles/cee_wks.dir/__/__/gc/handletable.cpp.o
  [ 55%] Building CXX object src/vm/wks/CMakeFiles/cee_wks.dir/__/__/gc/handletablecore.cpp.o
  [ 55%] Building CXX object src/vm/wks/CMakeFiles/cee_wks.dir/__/__/gc/handletablescan.cpp.o
  [ 55%] Building CXX object src/vm/wks/CMakeFiles/cee_wks.dir/__/__/gc/objecthandle.cpp.o
  [ 55%] Building CXX object src/vm/wks/CMakeFiles/cee_wks.dir/__/__/gc/gceventstatus.cpp.o
  [ 55%] Building CXX object src/vm/wks/CMakeFiles/cee_wks.dir/__/__/gc/gcconfig.cpp.o
  [ 55%] Building CXX object src/vm/wks/CMakeFiles/cee_wks.dir/__/__/gc/gccommon.cpp.o
  [ 55%] Building CXX object src/vm/wks/CMakeFiles/cee_wks.dir/__/__/gc/gcscan.cpp.o
  [ 55%] Building CXX object src/vm/wks/CMakeFiles/cee_wks.dir/__/__/gc/gcsvr.cpp.o
  [ 55%] Building CXX object src/vm/wks/CMakeFiles/cee_wks.dir/__/__/gc/gcwks.cpp.o
  [ 55%] Building CXX object src/vm/wks/CMakeFiles/cee_wks.dir/__/__/gc/gchandletable.cpp.o
  [ 56%] Building CXX object src/vm/wks/CMakeFiles/cee_wks.dir/__/__/gc/gceesvr.cpp.o
  [ 56%] Building CXX object src/vm/wks/CMakeFiles/cee_wks.dir/__/__/gc/gceewks.cpp.o
  [ 56%] Building CXX object src/vm/wks/CMakeFiles/cee_wks.dir/__/__/gc/gcload.cpp.o
  [ 56%] Building CXX object src/vm/wks/CMakeFiles/cee_wks.dir/__/__/gc/softwarewritewatch.cpp.o
  [ 56%] Building CXX object src/vm/wks/CMakeFiles/cee_wks.dir/__/__/gc/handletablecache.cpp.o
  [ 56%] Building ASM object src/vm/wks/CMakeFiles/cee_wks.dir/__/amd64/asmhelpers.S.o
  [ 56%] Building ASM object src/vm/wks/CMakeFiles/cee_wks.dir/__/amd64/calldescrworkeramd64.S.o
  [ 56%] Building ASM object src/vm/wks/CMakeFiles/cee_wks.dir/__/amd64/crthelpers.S.o
  [ 56%] Building ASM object src/vm/wks/CMakeFiles/cee_wks.dir/__/amd64/externalmethodfixupthunk.S.o
  [ 56%] Building ASM object src/vm/wks/CMakeFiles/cee_wks.dir/__/amd64/getstate.S.o
  [ 56%] Building ASM object src/vm/wks/CMakeFiles/cee_wks.dir/__/amd64/jithelpers_fast.S.o
  [ 56%] Building ASM object src/vm/wks/CMakeFiles/cee_wks.dir/__/amd64/jithelpers_fastwritebarriers.S.o
  [ 56%] Building ASM object src/vm/wks/CMakeFiles/cee_wks.dir/__/amd64/jithelpers_singleappdomain.S.o
  [ 56%] Building ASM object src/vm/wks/CMakeFiles/cee_wks.dir/__/amd64/jithelpers_slow.S.o
  [ 56%] Building ASM object src/vm/wks/CMakeFiles/cee_wks.dir/__/amd64/pinvokestubs.S.o
  [ 56%] Building ASM object src/vm/wks/CMakeFiles/cee_wks.dir/__/amd64/theprestubamd64.S.o
  [ 56%] Building ASM object src/vm/wks/CMakeFiles/cee_wks.dir/__/amd64/unixasmhelpers.S.o
  [ 57%] Building ASM object src/vm/wks/CMakeFiles/cee_wks.dir/__/amd64/umthunkstub.S.o
  [ 57%] Building ASM object src/vm/wks/CMakeFiles/cee_wks.dir/__/amd64/virtualcallstubamd64.S.o
  [ 57%] Building C object src/vm/wks/CMakeFiles/cee_wks.dir/__/__/__/version.c.o
  [ 57%] Linking CXX static library libcee_wks.a
  [ 57%] Built target cee_wks
  make: *** [Makefile:130: all] Error 2
  Failed to build "CoreCLR component".
/home/swaroops/git/runtime/src/coreclr/runtime.proj(32,5): error MSB3073: The command ""/home/swaroops/git/runtime/src/coreclr/build-runtime.sh" -x64 -debug -os Linux" exited with code 2.
  Commencing Crossgenning System.Private.CoreLib
  __DistroRid: linux-x64
  __RuntimeId: linux-x64
  Setting up directories for build
  Generating native image of System.Private.CoreLib.dll for Linux.x64.Debug. Logging to "/home/swaroops/git/runtime/artifacts/log/Debug/CrossgenCoreLib_Linux.x64.Debug.log".
  /home/swaroops/git/runtime/artifacts/bin/coreclr/Linux.x64.Debug/crossgen /Platform_Assemblies_Paths /home/swaroops/git/runtime/artifacts/bin/coreclr/Linux.x64.Debug/IL  /out /home/swaroops/git/runtime/artifacts/bin/coreclr/Linux.x64.Debug/System.Private.CoreLib.dll /home/swaroops/git/runtime/artifacts/bin/coreclr/Linux.x64.Debug/IL/System.Private.CoreLib.dll
  Failed to generate native image for System.Private.CoreLib. Refer to /home/swaroops/git/runtime/artifacts/log/Debug/CrossgenCoreLib_Linux.x64.Debug.log
/home/swaroops/git/runtime/src/coreclr/crossgen-corelib.proj(20,5): error MSB3073: The command ""/home/swaroops/git/runtime/src/coreclr/crossgen-corelib.sh" -x64 -debug -os Linux" exited with code 127.
  ILCompiler.TypeSystem.ReadyToRun -> /home/swaroops/git/runtime/artifacts/bin/ILCompiler.TypeSystem.ReadyToRun/x64/Debug/ILCompiler.TypeSystem.ReadyToRun.dll
  ILCompiler.DependencyAnalysisFramework -> /home/swaroops/git/runtime/artifacts/bin/ILCompiler.DependencyAnalysisFramework/x64/Debug/ILCompiler.DependencyAnalysisFramework.dll
  ILCompiler.ReadyToRun -> /home/swaroops/git/runtime/artifacts/bin/ILCompiler.ReadyToRun/x64/Debug/ILCompiler.ReadyToRun.dll
/home/swaroops/git/runtime/.dotnet/sdk/5.0.100-preview.6.20310.4/Microsoft.Common.CurrentVersion.targets(4651,5): error MSB3030: Could not copy the file "/home/swaroops/git/runtime/artifacts/bin/coreclr/Linux.x64.Debug/libclrjit.so" because it was not found. [/home/swaroops/git/runtime/src/coreclr/src/tools/aot/crossgen2/crossgen2.csproj]
/home/swaroops/git/runtime/.dotnet/sdk/5.0.100-preview.6.20310.4/Microsoft.Common.CurrentVersion.targets(4651,5): error MSB3030: Could not copy the file "/home/swaroops/git/runtime/artifacts/bin/coreclr/Linux.x64.Debug/libjitinterface.so" because it was not found. [/home/swaroops/git/runtime/src/coreclr/src/tools/aot/crossgen2/crossgen2.csproj]
  CoreTestAssembly -> /home/swaroops/git/runtime/artifacts/bin/CoreTestAssembly/x64/Debug/CoreTestAssembly.dll
  ILTestAssembly -> /home/swaroops/git/runtime/artifacts/bin/ILTestAssembly/x64/Debug/ILTestAssembly.dll
  ILCompiler.TypeSystem.ReadyToRun.Tests -> /home/swaroops/git/runtime/artifacts/bin/ILCompiler.TypeSystem.ReadyToRun.Tests/x64/Debug/ILCompiler.TypeSystem.ReadyToRun.Tests.dll
/home/swaroops/.nuget/packages/microsoft.dotnet.build.tasks.packaging/5.0.0-beta.20316.1/build/Packaging.targets(1276,5): error : Error when creating nuget lib package from /home/swaroops/git/runtime/artifacts/packages/Debug/specs/runtime.linux-x64.Microsoft.NETCore.ILAsm.nuspec. NuGet.Packaging.Core.PackagingException: File not found: '/home/swaroops/git/runtime/artifacts/bin/coreclr/Linux.x64.Debug/ilasm'. [/home/swaroops/git/runtime/src/coreclr/src/.nuget/Microsoft.NETCore.ILAsm/Microsoft.NETCore.ILAsm.pkgproj]
/home/swaroops/.nuget/packages/microsoft.dotnet.build.tasks.packaging/5.0.0-beta.20316.1/build/Packaging.targets(1276,5): error :    at NuGet.Packaging.PackageBuilder.AddFiles(String basePath, String source, String destination, String exclude) [/home/swaroops/git/runtime/src/coreclr/src/.nuget/Microsoft.NETCore.ILAsm/Microsoft.NETCore.ILAsm.pkgproj]
/home/swaroops/.nuget/packages/microsoft.dotnet.build.tasks.packaging/5.0.0-beta.20316.1/build/Packaging.targets(1276,5): error :    at NuGet.Packaging.PackageBuilder.PopulateFiles(String basePath, IEnumerable`1 files) [/home/swaroops/git/runtime/src/coreclr/src/.nuget/Microsoft.NETCore.ILAsm/Microsoft.NETCore.ILAsm.pkgproj]
/home/swaroops/.nuget/packages/microsoft.dotnet.build.tasks.packaging/5.0.0-beta.20316.1/build/Packaging.targets(1276,5): error :    at Microsoft.DotNet.Build.Tasks.Packaging.NuGetPack.Pack(String nuspecPath, String nupkgPath, Manifest manifest, Boolean packSymbols) in /_/src/Microsoft.DotNet.Build.Tasks.Packaging/src/NuGetPack.cs:line 254 [/home/swaroops/git/runtime/src/coreclr/src/.nuget/Microsoft.NETCore.ILAsm/Microsoft.NETCore.ILAsm.pkgproj]
/home/swaroops/.nuget/packages/microsoft.dotnet.build.tasks.packaging/5.0.0-beta.20316.1/build/Packaging.targets(1276,5): error : Error when creating nuget packed package from /home/swaroops/git/runtime/artifacts/packages/Debug/specs/runtime.linux-x64.Microsoft.NETCore.ILAsm.nuspec. NuGet.Packaging.Core.PackagingException: File not found: '/home/swaroops/git/runtime/artifacts/bin/coreclr/Linux.x64.Debug/ilasm'. [/home/swaroops/git/runtime/src/coreclr/src/.nuget/Microsoft.NETCore.ILAsm/Microsoft.NETCore.ILAsm.pkgproj]
/home/swaroops/.nuget/packages/microsoft.dotnet.build.tasks.packaging/5.0.0-beta.20316.1/build/Packaging.targets(1276,5): error :    at NuGet.Packaging.PackageBuilder.AddFiles(String basePath, String source, String destination, String exclude) [/home/swaroops/git/runtime/src/coreclr/src/.nuget/Microsoft.NETCore.ILAsm/Microsoft.NETCore.ILAsm.pkgproj]
/home/swaroops/.nuget/packages/microsoft.dotnet.build.tasks.packaging/5.0.0-beta.20316.1/build/Packaging.targets(1276,5): error :    at NuGet.Packaging.PackageBuilder.PopulateFiles(String basePath, IEnumerable`1 files) [/home/swaroops/git/runtime/src/coreclr/src/.nuget/Microsoft.NETCore.ILAsm/Microsoft.NETCore.ILAsm.pkgproj]
/home/swaroops/.nuget/packages/microsoft.dotnet.build.tasks.packaging/5.0.0-beta.20316.1/build/Packaging.targets(1276,5): error :    at Microsoft.DotNet.Build.Tasks.Packaging.NuGetPack.Pack(String nuspecPath, String nupkgPath, Manifest manifest, Boolean packSymbols) in /_/src/Microsoft.DotNet.Build.Tasks.Packaging/src/NuGetPack.cs:line 254 [/home/swaroops/git/runtime/src/coreclr/src/.nuget/Microsoft.NETCore.ILAsm/Microsoft.NETCore.ILAsm.pkgproj]
/home/swaroops/.nuget/packages/microsoft.dotnet.build.tasks.packaging/5.0.0-beta.20316.1/build/Packaging.targets(1276,5): error : Error when creating nuget packed package from /home/swaroops/git/runtime/artifacts/packages/Debug/specs/runtime.linux-x64.Microsoft.NETCore.ILAsm.nuspec. NuGet.Packaging.Core.PackagingException: File not found: '/home/swaroops/git/runtime/artifacts/bin/coreclr/Linux.x64.Debug/ilasm'. [/home/swaroops/git/runtime/src/coreclr/src/.nuget/Microsoft.NETCore.ILAsm/Microsoft.NETCore.ILAsm.pkgproj]
/home/swaroops/.nuget/packages/microsoft.dotnet.build.tasks.packaging/5.0.0-beta.20316.1/build/Packaging.targets(1276,5): error :    at NuGet.Packaging.PackageBuilder.AddFiles(String basePath, String source, String destination, String exclude) [/home/swaroops/git/runtime/src/coreclr/src/.nuget/Microsoft.NETCore.ILAsm/Microsoft.NETCore.ILAsm.pkgproj]
/home/swaroops/.nuget/packages/microsoft.dotnet.build.tasks.packaging/5.0.0-beta.20316.1/build/Packaging.targets(1276,5): error :    at NuGet.Packaging.PackageBuilder.PopulateFiles(String basePath, IEnumerable`1 files) [/home/swaroops/git/runtime/src/coreclr/src/.nuget/Microsoft.NETCore.ILAsm/Microsoft.NETCore.ILAsm.pkgproj]
/home/swaroops/.nuget/packages/microsoft.dotnet.build.tasks.packaging/5.0.0-beta.20316.1/build/Packaging.targets(1276,5): error :    at Microsoft.DotNet.Build.Tasks.Packaging.NuGetPack.Pack(String nuspecPath, String nupkgPath, Manifest manifest, Boolean packSymbols) in /_/src/Microsoft.DotNet.Build.Tasks.Packaging/src/NuGetPack.cs:line 254 [/home/swaroops/git/runtime/src/coreclr/src/.nuget/Microsoft.NETCore.ILAsm/Microsoft.NETCore.ILAsm.pkgproj]
/home/swaroops/.nuget/packages/microsoft.dotnet.build.tasks.packaging/5.0.0-beta.20316.1/build/Packaging.targets(1276,5): error : Error when creating nuget lib package from /home/swaroops/git/runtime/artifacts/packages/Debug/specs/runtime.linux-x64.Microsoft.NETCore.TestHost.nuspec. NuGet.Packaging.Core.PackagingException: File not found: '/home/swaroops/git/runtime/artifacts/bin/coreclr/Linux.x64.Debug/corerun'. [/home/swaroops/git/runtime/src/coreclr/src/.nuget/Microsoft.NETCore.TestHost/Microsoft.NETCore.TestHost.pkgproj]
/home/swaroops/.nuget/packages/microsoft.dotnet.build.tasks.packaging/5.0.0-beta.20316.1/build/Packaging.targets(1276,5): error :    at NuGet.Packaging.PackageBuilder.AddFiles(String basePath, String source, String destination, String exclude) [/home/swaroops/git/runtime/src/coreclr/src/.nuget/Microsoft.NETCore.TestHost/Microsoft.NETCore.TestHost.pkgproj]
/home/swaroops/.nuget/packages/microsoft.dotnet.build.tasks.packaging/5.0.0-beta.20316.1/build/Packaging.targets(1276,5): error :    at NuGet.Packaging.PackageBuilder.PopulateFiles(String basePath, IEnumerable`1 files) [/home/swaroops/git/runtime/src/coreclr/src/.nuget/Microsoft.NETCore.TestHost/Microsoft.NETCore.TestHost.pkgproj]
/home/swaroops/.nuget/packages/microsoft.dotnet.build.tasks.packaging/5.0.0-beta.20316.1/build/Packaging.targets(1276,5): error :    at Microsoft.DotNet.Build.Tasks.Packaging.NuGetPack.Pack(String nuspecPath, String nupkgPath, Manifest manifest, Boolean packSymbols) in /_/src/Microsoft.DotNet.Build.Tasks.Packaging/src/NuGetPack.cs:line 254 [/home/swaroops/git/runtime/src/coreclr/src/.nuget/Microsoft.NETCore.TestHost/Microsoft.NETCore.TestHost.pkgproj]
/home/swaroops/.nuget/packages/microsoft.dotnet.build.tasks.packaging/5.0.0-beta.20316.1/build/Packaging.targets(1276,5): error : Error when creating nuget packed package from /home/swaroops/git/runtime/artifacts/packages/Debug/specs/runtime.linux-x64.Microsoft.NETCore.TestHost.nuspec. NuGet.Packaging.Core.PackagingException: File not found: '/home/swaroops/git/runtime/artifacts/bin/coreclr/Linux.x64.Debug/corerun'. [/home/swaroops/git/runtime/src/coreclr/src/.nuget/Microsoft.NETCore.TestHost/Microsoft.NETCore.TestHost.pkgproj]
/home/swaroops/.nuget/packages/microsoft.dotnet.build.tasks.packaging/5.0.0-beta.20316.1/build/Packaging.targets(1276,5): error :    at NuGet.Packaging.PackageBuilder.AddFiles(String basePath, String source, String destination, String exclude) [/home/swaroops/git/runtime/src/coreclr/src/.nuget/Microsoft.NETCore.TestHost/Microsoft.NETCore.TestHost.pkgproj]
/home/swaroops/.nuget/packages/microsoft.dotnet.build.tasks.packaging/5.0.0-beta.20316.1/build/Packaging.targets(1276,5): error :    at NuGet.Packaging.PackageBuilder.PopulateFiles(String basePath, IEnumerable`1 files) [/home/swaroops/git/runtime/src/coreclr/src/.nuget/Microsoft.NETCore.TestHost/Microsoft.NETCore.TestHost.pkgproj]
/home/swaroops/.nuget/packages/microsoft.dotnet.build.tasks.packaging/5.0.0-beta.20316.1/build/Packaging.targets(1276,5): error :    at Microsoft.DotNet.Build.Tasks.Packaging.NuGetPack.Pack(String nuspecPath, String nupkgPath, Manifest manifest, Boolean packSymbols) in /_/src/Microsoft.DotNet.Build.Tasks.Packaging/src/NuGetPack.cs:line 254 [/home/swaroops/git/runtime/src/coreclr/src/.nuget/Microsoft.NETCore.TestHost/Microsoft.NETCore.TestHost.pkgproj]
/home/swaroops/.nuget/packages/microsoft.dotnet.build.tasks.packaging/5.0.0-beta.20316.1/build/Packaging.targets(1276,5): error : Error when creating nuget packed package from /home/swaroops/git/runtime/artifacts/packages/Debug/specs/runtime.linux-x64.Microsoft.NETCore.TestHost.nuspec. NuGet.Packaging.Core.PackagingException: File not found: '/home/swaroops/git/runtime/artifacts/bin/coreclr/Linux.x64.Debug/corerun'. [/home/swaroops/git/runtime/src/coreclr/src/.nuget/Microsoft.NETCore.TestHost/Microsoft.NETCore.TestHost.pkgproj]
/home/swaroops/.nuget/packages/microsoft.dotnet.build.tasks.packaging/5.0.0-beta.20316.1/build/Packaging.targets(1276,5): error :    at NuGet.Packaging.PackageBuilder.AddFiles(String basePath, String source, String destination, String exclude) [/home/swaroops/git/runtime/src/coreclr/src/.nuget/Microsoft.NETCore.TestHost/Microsoft.NETCore.TestHost.pkgproj]
/home/swaroops/.nuget/packages/microsoft.dotnet.build.tasks.packaging/5.0.0-beta.20316.1/build/Packaging.targets(1276,5): error :    at NuGet.Packaging.PackageBuilder.PopulateFiles(String basePath, IEnumerable`1 files) [/home/swaroops/git/runtime/src/coreclr/src/.nuget/Microsoft.NETCore.TestHost/Microsoft.NETCore.TestHost.pkgproj]
/home/swaroops/.nuget/packages/microsoft.dotnet.build.tasks.packaging/5.0.0-beta.20316.1/build/Packaging.targets(1276,5): error :    at Microsoft.DotNet.Build.Tasks.Packaging.NuGetPack.Pack(String nuspecPath, String nupkgPath, Manifest manifest, Boolean packSymbols) in /_/src/Microsoft.DotNet.Build.Tasks.Packaging/src/NuGetPack.cs:line 254 [/home/swaroops/git/runtime/src/coreclr/src/.nuget/Microsoft.NETCore.TestHost/Microsoft.NETCore.TestHost.pkgproj]
/home/swaroops/.nuget/packages/microsoft.dotnet.build.tasks.packaging/5.0.0-beta.20316.1/build/Packaging.targets(1276,5): error : Error when creating nuget lib package from /home/swaroops/git/runtime/artifacts/packages/Debug/specs/runtime.linux-x64.Microsoft.NETCore.ILDAsm.nuspec. NuGet.Packaging.Core.PackagingException: File not found: '/home/swaroops/git/runtime/artifacts/bin/coreclr/Linux.x64.Debug/ildasm'. [/home/swaroops/git/runtime/src/coreclr/src/.nuget/Microsoft.NETCore.ILDAsm/Microsoft.NETCore.ILDAsm.pkgproj]
/home/swaroops/.nuget/packages/microsoft.dotnet.build.tasks.packaging/5.0.0-beta.20316.1/build/Packaging.targets(1276,5): error :    at NuGet.Packaging.PackageBuilder.AddFiles(String basePath, String source, String destination, String exclude) [/home/swaroops/git/runtime/src/coreclr/src/.nuget/Microsoft.NETCore.ILDAsm/Microsoft.NETCore.ILDAsm.pkgproj]
/home/swaroops/.nuget/packages/microsoft.dotnet.build.tasks.packaging/5.0.0-beta.20316.1/build/Packaging.targets(1276,5): error :    at NuGet.Packaging.PackageBuilder.PopulateFiles(String basePath, IEnumerable`1 files) [/home/swaroops/git/runtime/src/coreclr/src/.nuget/Microsoft.NETCore.ILDAsm/Microsoft.NETCore.ILDAsm.pkgproj]
/home/swaroops/.nuget/packages/microsoft.dotnet.build.tasks.packaging/5.0.0-beta.20316.1/build/Packaging.targets(1276,5): error :    at Microsoft.DotNet.Build.Tasks.Packaging.NuGetPack.Pack(String nuspecPath, String nupkgPath, Manifest manifest, Boolean packSymbols) in /_/src/Microsoft.DotNet.Build.Tasks.Packaging/src/NuGetPack.cs:line 254 [/home/swaroops/git/runtime/src/coreclr/src/.nuget/Microsoft.NETCore.ILDAsm/Microsoft.NETCore.ILDAsm.pkgproj]
/home/swaroops/.nuget/packages/microsoft.dotnet.build.tasks.packaging/5.0.0-beta.20316.1/build/Packaging.targets(1276,5): error : Error when creating nuget packed package from /home/swaroops/git/runtime/artifacts/packages/Debug/specs/runtime.linux-x64.Microsoft.NETCore.ILDAsm.nuspec. NuGet.Packaging.Core.PackagingException: File not found: '/home/swaroops/git/runtime/artifacts/bin/coreclr/Linux.x64.Debug/ildasm'. [/home/swaroops/git/runtime/src/coreclr/src/.nuget/Microsoft.NETCore.ILDAsm/Microsoft.NETCore.ILDAsm.pkgproj]
/home/swaroops/.nuget/packages/microsoft.dotnet.build.tasks.packaging/5.0.0-beta.20316.1/build/Packaging.targets(1276,5): error :    at NuGet.Packaging.PackageBuilder.AddFiles(String basePath, String source, String destination, String exclude) [/home/swaroops/git/runtime/src/coreclr/src/.nuget/Microsoft.NETCore.ILDAsm/Microsoft.NETCore.ILDAsm.pkgproj]
/home/swaroops/.nuget/packages/microsoft.dotnet.build.tasks.packaging/5.0.0-beta.20316.1/build/Packaging.targets(1276,5): error :    at NuGet.Packaging.PackageBuilder.PopulateFiles(String basePath, IEnumerable`1 files) [/home/swaroops/git/runtime/src/coreclr/src/.nuget/Microsoft.NETCore.ILDAsm/Microsoft.NETCore.ILDAsm.pkgproj]
/home/swaroops/.nuget/packages/microsoft.dotnet.build.tasks.packaging/5.0.0-beta.20316.1/build/Packaging.targets(1276,5): error :    at Microsoft.DotNet.Build.Tasks.Packaging.NuGetPack.Pack(String nuspecPath, String nupkgPath, Manifest manifest, Boolean packSymbols) in /_/src/Microsoft.DotNet.Build.Tasks.Packaging/src/NuGetPack.cs:line 254 [/home/swaroops/git/runtime/src/coreclr/src/.nuget/Microsoft.NETCore.ILDAsm/Microsoft.NETCore.ILDAsm.pkgproj]
/home/swaroops/.nuget/packages/microsoft.dotnet.build.tasks.packaging/5.0.0-beta.20316.1/build/Packaging.targets(1276,5): error : Error when creating nuget packed package from /home/swaroops/git/runtime/artifacts/packages/Debug/specs/runtime.linux-x64.Microsoft.NETCore.ILDAsm.nuspec. NuGet.Packaging.Core.PackagingException: File not found: '/home/swaroops/git/runtime/artifacts/bin/coreclr/Linux.x64.Debug/ildasm'. [/home/swaroops/git/runtime/src/coreclr/src/.nuget/Microsoft.NETCore.ILDAsm/Microsoft.NETCore.ILDAsm.pkgproj]
/home/swaroops/.nuget/packages/microsoft.dotnet.build.tasks.packaging/5.0.0-beta.20316.1/build/Packaging.targets(1276,5): error :    at NuGet.Packaging.PackageBuilder.AddFiles(String basePath, String source, String destination, String exclude) [/home/swaroops/git/runtime/src/coreclr/src/.nuget/Microsoft.NETCore.ILDAsm/Microsoft.NETCore.ILDAsm.pkgproj]
/home/swaroops/.nuget/packages/microsoft.dotnet.build.tasks.packaging/5.0.0-beta.20316.1/build/Packaging.targets(1276,5): error :    at NuGet.Packaging.PackageBuilder.PopulateFiles(String basePath, IEnumerable`1 files) [/home/swaroops/git/runtime/src/coreclr/src/.nuget/Microsoft.NETCore.ILDAsm/Microsoft.NETCore.ILDAsm.pkgproj]
/home/swaroops/.nuget/packages/microsoft.dotnet.build.tasks.packaging/5.0.0-beta.20316.1/build/Packaging.targets(1276,5): error :    at Microsoft.DotNet.Build.Tasks.Packaging.NuGetPack.Pack(String nuspecPath, String nupkgPath, Manifest manifest, Boolean packSymbols) in /_/src/Microsoft.DotNet.Build.Tasks.Packaging/src/NuGetPack.cs:line 254 [/home/swaroops/git/runtime/src/coreclr/src/.nuget/Microsoft.NETCore.ILDAsm/Microsoft.NETCore.ILDAsm.pkgproj]

Build FAILED.

/home/swaroops/git/runtime/src/coreclr/runtime.proj(32,5): error MSB3073: The command ""/home/swaroops/git/runtime/src/coreclr/build-runtime.sh" -x64 -debug -os Linux" exited with code 2.
/home/swaroops/git/runtime/src/coreclr/crossgen-corelib.proj(20,5): error MSB3073: The command ""/home/swaroops/git/runtime/src/coreclr/crossgen-corelib.sh" -x64 -debug -os Linux" exited with code 127.
/home/swaroops/git/runtime/.dotnet/sdk/5.0.100-preview.6.20310.4/Microsoft.Common.CurrentVersion.targets(4651,5): error MSB3030: Could not copy the file "/home/swaroops/git/runtime/artifacts/bin/coreclr/Linux.x64.Debug/libclrjit.so" because it was not found. [/home/swaroops/git/runtime/src/coreclr/src/tools/aot/crossgen2/crossgen2.csproj]
/home/swaroops/git/runtime/.dotnet/sdk/5.0.100-preview.6.20310.4/Microsoft.Common.CurrentVersion.targets(4651,5): error MSB3030: Could not copy the file "/home/swaroops/git/runtime/artifacts/bin/coreclr/Linux.x64.Debug/libjitinterface.so" because it was not found. [/home/swaroops/git/runtime/src/coreclr/src/tools/aot/crossgen2/crossgen2.csproj]
/home/swaroops/.nuget/packages/microsoft.dotnet.build.tasks.packaging/5.0.0-beta.20316.1/build/Packaging.targets(1276,5): error : Error when creating nuget lib package from /home/swaroops/git/runtime/artifacts/packages/Debug/specs/runtime.linux-x64.Microsoft.NETCore.ILAsm.nuspec. NuGet.Packaging.Core.PackagingException: File not found: '/home/swaroops/git/runtime/artifacts/bin/coreclr/Linux.x64.Debug/ilasm'. [/home/swaroops/git/runtime/src/coreclr/src/.nuget/Microsoft.NETCore.ILAsm/Microsoft.NETCore.ILAsm.pkgproj]
/home/swaroops/.nuget/packages/microsoft.dotnet.build.tasks.packaging/5.0.0-beta.20316.1/build/Packaging.targets(1276,5): error :    at NuGet.Packaging.PackageBuilder.AddFiles(String basePath, String source, String destination, String exclude) [/home/swaroops/git/runtime/src/coreclr/src/.nuget/Microsoft.NETCore.ILAsm/Microsoft.NETCore.ILAsm.pkgproj]
/home/swaroops/.nuget/packages/microsoft.dotnet.build.tasks.packaging/5.0.0-beta.20316.1/build/Packaging.targets(1276,5): error :    at NuGet.Packaging.PackageBuilder.PopulateFiles(String basePath, IEnumerable`1 files) [/home/swaroops/git/runtime/src/coreclr/src/.nuget/Microsoft.NETCore.ILAsm/Microsoft.NETCore.ILAsm.pkgproj]
/home/swaroops/.nuget/packages/microsoft.dotnet.build.tasks.packaging/5.0.0-beta.20316.1/build/Packaging.targets(1276,5): error :    at Microsoft.DotNet.Build.Tasks.Packaging.NuGetPack.Pack(String nuspecPath, String nupkgPath, Manifest manifest, Boolean packSymbols) in /_/src/Microsoft.DotNet.Build.Tasks.Packaging/src/NuGetPack.cs:line 254 [/home/swaroops/git/runtime/src/coreclr/src/.nuget/Microsoft.NETCore.ILAsm/Microsoft.NETCore.ILAsm.pkgproj]
/home/swaroops/.nuget/packages/microsoft.dotnet.build.tasks.packaging/5.0.0-beta.20316.1/build/Packaging.targets(1276,5): error : Error when creating nuget packed package from /home/swaroops/git/runtime/artifacts/packages/Debug/specs/runtime.linux-x64.Microsoft.NETCore.ILAsm.nuspec. NuGet.Packaging.Core.PackagingException: File not found: '/home/swaroops/git/runtime/artifacts/bin/coreclr/Linux.x64.Debug/ilasm'. [/home/swaroops/git/runtime/src/coreclr/src/.nuget/Microsoft.NETCore.ILAsm/Microsoft.NETCore.ILAsm.pkgproj]
/home/swaroops/.nuget/packages/microsoft.dotnet.build.tasks.packaging/5.0.0-beta.20316.1/build/Packaging.targets(1276,5): error :    at NuGet.Packaging.PackageBuilder.AddFiles(String basePath, String source, String destination, String exclude) [/home/swaroops/git/runtime/src/coreclr/src/.nuget/Microsoft.NETCore.ILAsm/Microsoft.NETCore.ILAsm.pkgproj]
/home/swaroops/.nuget/packages/microsoft.dotnet.build.tasks.packaging/5.0.0-beta.20316.1/build/Packaging.targets(1276,5): error :    at NuGet.Packaging.PackageBuilder.PopulateFiles(String basePath, IEnumerable`1 files) [/home/swaroops/git/runtime/src/coreclr/src/.nuget/Microsoft.NETCore.ILAsm/Microsoft.NETCore.ILAsm.pkgproj]
/home/swaroops/.nuget/packages/microsoft.dotnet.build.tasks.packaging/5.0.0-beta.20316.1/build/Packaging.targets(1276,5): error :    at Microsoft.DotNet.Build.Tasks.Packaging.NuGetPack.Pack(String nuspecPath, String nupkgPath, Manifest manifest, Boolean packSymbols) in /_/src/Microsoft.DotNet.Build.Tasks.Packaging/src/NuGetPack.cs:line 254 [/home/swaroops/git/runtime/src/coreclr/src/.nuget/Microsoft.NETCore.ILAsm/Microsoft.NETCore.ILAsm.pkgproj]
/home/swaroops/.nuget/packages/microsoft.dotnet.build.tasks.packaging/5.0.0-beta.20316.1/build/Packaging.targets(1276,5): error : Error when creating nuget packed package from /home/swaroops/git/runtime/artifacts/packages/Debug/specs/runtime.linux-x64.Microsoft.NETCore.ILAsm.nuspec. NuGet.Packaging.Core.PackagingException: File not found: '/home/swaroops/git/runtime/artifacts/bin/coreclr/Linux.x64.Debug/ilasm'. [/home/swaroops/git/runtime/src/coreclr/src/.nuget/Microsoft.NETCore.ILAsm/Microsoft.NETCore.ILAsm.pkgproj]
/home/swaroops/.nuget/packages/microsoft.dotnet.build.tasks.packaging/5.0.0-beta.20316.1/build/Packaging.targets(1276,5): error :    at NuGet.Packaging.PackageBuilder.AddFiles(String basePath, String source, String destination, String exclude) [/home/swaroops/git/runtime/src/coreclr/src/.nuget/Microsoft.NETCore.ILAsm/Microsoft.NETCore.ILAsm.pkgproj]
/home/swaroops/.nuget/packages/microsoft.dotnet.build.tasks.packaging/5.0.0-beta.20316.1/build/Packaging.targets(1276,5): error :    at NuGet.Packaging.PackageBuilder.PopulateFiles(String basePath, IEnumerable`1 files) [/home/swaroops/git/runtime/src/coreclr/src/.nuget/Microsoft.NETCore.ILAsm/Microsoft.NETCore.ILAsm.pkgproj]
/home/swaroops/.nuget/packages/microsoft.dotnet.build.tasks.packaging/5.0.0-beta.20316.1/build/Packaging.targets(1276,5): error :    at Microsoft.DotNet.Build.Tasks.Packaging.NuGetPack.Pack(String nuspecPath, String nupkgPath, Manifest manifest, Boolean packSymbols) in /_/src/Microsoft.DotNet.Build.Tasks.Packaging/src/NuGetPack.cs:line 254 [/home/swaroops/git/runtime/src/coreclr/src/.nuget/Microsoft.NETCore.ILAsm/Microsoft.NETCore.ILAsm.pkgproj]
/home/swaroops/.nuget/packages/microsoft.dotnet.build.tasks.packaging/5.0.0-beta.20316.1/build/Packaging.targets(1276,5): error : Error when creating nuget lib package from /home/swaroops/git/runtime/artifacts/packages/Debug/specs/runtime.linux-x64.Microsoft.NETCore.TestHost.nuspec. NuGet.Packaging.Core.PackagingException: File not found: '/home/swaroops/git/runtime/artifacts/bin/coreclr/Linux.x64.Debug/corerun'. [/home/swaroops/git/runtime/src/coreclr/src/.nuget/Microsoft.NETCore.TestHost/Microsoft.NETCore.TestHost.pkgproj]
/home/swaroops/.nuget/packages/microsoft.dotnet.build.tasks.packaging/5.0.0-beta.20316.1/build/Packaging.targets(1276,5): error :    at NuGet.Packaging.PackageBuilder.AddFiles(String basePath, String source, String destination, String exclude) [/home/swaroops/git/runtime/src/coreclr/src/.nuget/Microsoft.NETCore.TestHost/Microsoft.NETCore.TestHost.pkgproj]
/home/swaroops/.nuget/packages/microsoft.dotnet.build.tasks.packaging/5.0.0-beta.20316.1/build/Packaging.targets(1276,5): error :    at NuGet.Packaging.PackageBuilder.PopulateFiles(String basePath, IEnumerable`1 files) [/home/swaroops/git/runtime/src/coreclr/src/.nuget/Microsoft.NETCore.TestHost/Microsoft.NETCore.TestHost.pkgproj]
/home/swaroops/.nuget/packages/microsoft.dotnet.build.tasks.packaging/5.0.0-beta.20316.1/build/Packaging.targets(1276,5): error :    at Microsoft.DotNet.Build.Tasks.Packaging.NuGetPack.Pack(String nuspecPath, String nupkgPath, Manifest manifest, Boolean packSymbols) in /_/src/Microsoft.DotNet.Build.Tasks.Packaging/src/NuGetPack.cs:line 254 [/home/swaroops/git/runtime/src/coreclr/src/.nuget/Microsoft.NETCore.TestHost/Microsoft.NETCore.TestHost.pkgproj]
/home/swaroops/.nuget/packages/microsoft.dotnet.build.tasks.packaging/5.0.0-beta.20316.1/build/Packaging.targets(1276,5): error : Error when creating nuget packed package from /home/swaroops/git/runtime/artifacts/packages/Debug/specs/runtime.linux-x64.Microsoft.NETCore.TestHost.nuspec. NuGet.Packaging.Core.PackagingException: File not found: '/home/swaroops/git/runtime/artifacts/bin/coreclr/Linux.x64.Debug/corerun'. [/home/swaroops/git/runtime/src/coreclr/src/.nuget/Microsoft.NETCore.TestHost/Microsoft.NETCore.TestHost.pkgproj]
/home/swaroops/.nuget/packages/microsoft.dotnet.build.tasks.packaging/5.0.0-beta.20316.1/build/Packaging.targets(1276,5): error :    at NuGet.Packaging.PackageBuilder.AddFiles(String basePath, String source, String destination, String exclude) [/home/swaroops/git/runtime/src/coreclr/src/.nuget/Microsoft.NETCore.TestHost/Microsoft.NETCore.TestHost.pkgproj]
/home/swaroops/.nuget/packages/microsoft.dotnet.build.tasks.packaging/5.0.0-beta.20316.1/build/Packaging.targets(1276,5): error :    at NuGet.Packaging.PackageBuilder.PopulateFiles(String basePath, IEnumerable`1 files) [/home/swaroops/git/runtime/src/coreclr/src/.nuget/Microsoft.NETCore.TestHost/Microsoft.NETCore.TestHost.pkgproj]
/home/swaroops/.nuget/packages/microsoft.dotnet.build.tasks.packaging/5.0.0-beta.20316.1/build/Packaging.targets(1276,5): error :    at Microsoft.DotNet.Build.Tasks.Packaging.NuGetPack.Pack(String nuspecPath, String nupkgPath, Manifest manifest, Boolean packSymbols) in /_/src/Microsoft.DotNet.Build.Tasks.Packaging/src/NuGetPack.cs:line 254 [/home/swaroops/git/runtime/src/coreclr/src/.nuget/Microsoft.NETCore.TestHost/Microsoft.NETCore.TestHost.pkgproj]
/home/swaroops/.nuget/packages/microsoft.dotnet.build.tasks.packaging/5.0.0-beta.20316.1/build/Packaging.targets(1276,5): error : Error when creating nuget packed package from /home/swaroops/git/runtime/artifacts/packages/Debug/specs/runtime.linux-x64.Microsoft.NETCore.TestHost.nuspec. NuGet.Packaging.Core.PackagingException: File not found: '/home/swaroops/git/runtime/artifacts/bin/coreclr/Linux.x64.Debug/corerun'. [/home/swaroops/git/runtime/src/coreclr/src/.nuget/Microsoft.NETCore.TestHost/Microsoft.NETCore.TestHost.pkgproj]
/home/swaroops/.nuget/packages/microsoft.dotnet.build.tasks.packaging/5.0.0-beta.20316.1/build/Packaging.targets(1276,5): error :    at NuGet.Packaging.PackageBuilder.AddFiles(String basePath, String source, String destination, String exclude) [/home/swaroops/git/runtime/src/coreclr/src/.nuget/Microsoft.NETCore.TestHost/Microsoft.NETCore.TestHost.pkgproj]
/home/swaroops/.nuget/packages/microsoft.dotnet.build.tasks.packaging/5.0.0-beta.20316.1/build/Packaging.targets(1276,5): error :    at NuGet.Packaging.PackageBuilder.PopulateFiles(String basePath, IEnumerable`1 files) [/home/swaroops/git/runtime/src/coreclr/src/.nuget/Microsoft.NETCore.TestHost/Microsoft.NETCore.TestHost.pkgproj]
/home/swaroops/.nuget/packages/microsoft.dotnet.build.tasks.packaging/5.0.0-beta.20316.1/build/Packaging.targets(1276,5): error :    at Microsoft.DotNet.Build.Tasks.Packaging.NuGetPack.Pack(String nuspecPath, String nupkgPath, Manifest manifest, Boolean packSymbols) in /_/src/Microsoft.DotNet.Build.Tasks.Packaging/src/NuGetPack.cs:line 254 [/home/swaroops/git/runtime/src/coreclr/src/.nuget/Microsoft.NETCore.TestHost/Microsoft.NETCore.TestHost.pkgproj]
/home/swaroops/.nuget/packages/microsoft.dotnet.build.tasks.packaging/5.0.0-beta.20316.1/build/Packaging.targets(1276,5): error : Error when creating nuget lib package from /home/swaroops/git/runtime/artifacts/packages/Debug/specs/runtime.linux-x64.Microsoft.NETCore.ILDAsm.nuspec. NuGet.Packaging.Core.PackagingException: File not found: '/home/swaroops/git/runtime/artifacts/bin/coreclr/Linux.x64.Debug/ildasm'. [/home/swaroops/git/runtime/src/coreclr/src/.nuget/Microsoft.NETCore.ILDAsm/Microsoft.NETCore.ILDAsm.pkgproj]
/home/swaroops/.nuget/packages/microsoft.dotnet.build.tasks.packaging/5.0.0-beta.20316.1/build/Packaging.targets(1276,5): error :    at NuGet.Packaging.PackageBuilder.AddFiles(String basePath, String source, String destination, String exclude) [/home/swaroops/git/runtime/src/coreclr/src/.nuget/Microsoft.NETCore.ILDAsm/Microsoft.NETCore.ILDAsm.pkgproj]
/home/swaroops/.nuget/packages/microsoft.dotnet.build.tasks.packaging/5.0.0-beta.20316.1/build/Packaging.targets(1276,5): error :    at NuGet.Packaging.PackageBuilder.PopulateFiles(String basePath, IEnumerable`1 files) [/home/swaroops/git/runtime/src/coreclr/src/.nuget/Microsoft.NETCore.ILDAsm/Microsoft.NETCore.ILDAsm.pkgproj]
/home/swaroops/.nuget/packages/microsoft.dotnet.build.tasks.packaging/5.0.0-beta.20316.1/build/Packaging.targets(1276,5): error :    at Microsoft.DotNet.Build.Tasks.Packaging.NuGetPack.Pack(String nuspecPath, String nupkgPath, Manifest manifest, Boolean packSymbols) in /_/src/Microsoft.DotNet.Build.Tasks.Packaging/src/NuGetPack.cs:line 254 [/home/swaroops/git/runtime/src/coreclr/src/.nuget/Microsoft.NETCore.ILDAsm/Microsoft.NETCore.ILDAsm.pkgproj]
/home/swaroops/.nuget/packages/microsoft.dotnet.build.tasks.packaging/5.0.0-beta.20316.1/build/Packaging.targets(1276,5): error : Error when creating nuget packed package from /home/swaroops/git/runtime/artifacts/packages/Debug/specs/runtime.linux-x64.Microsoft.NETCore.ILDAsm.nuspec. NuGet.Packaging.Core.PackagingException: File not found: '/home/swaroops/git/runtime/artifacts/bin/coreclr/Linux.x64.Debug/ildasm'. [/home/swaroops/git/runtime/src/coreclr/src/.nuget/Microsoft.NETCore.ILDAsm/Microsoft.NETCore.ILDAsm.pkgproj]
/home/swaroops/.nuget/packages/microsoft.dotnet.build.tasks.packaging/5.0.0-beta.20316.1/build/Packaging.targets(1276,5): error :    at NuGet.Packaging.PackageBuilder.AddFiles(String basePath, String source, String destination, String exclude) [/home/swaroops/git/runtime/src/coreclr/src/.nuget/Microsoft.NETCore.ILDAsm/Microsoft.NETCore.ILDAsm.pkgproj]
/home/swaroops/.nuget/packages/microsoft.dotnet.build.tasks.packaging/5.0.0-beta.20316.1/build/Packaging.targets(1276,5): error :    at NuGet.Packaging.PackageBuilder.PopulateFiles(String basePath, IEnumerable`1 files) [/home/swaroops/git/runtime/src/coreclr/src/.nuget/Microsoft.NETCore.ILDAsm/Microsoft.NETCore.ILDAsm.pkgproj]
/home/swaroops/.nuget/packages/microsoft.dotnet.build.tasks.packaging/5.0.0-beta.20316.1/build/Packaging.targets(1276,5): error :    at Microsoft.DotNet.Build.Tasks.Packaging.NuGetPack.Pack(String nuspecPath, String nupkgPath, Manifest manifest, Boolean packSymbols) in /_/src/Microsoft.DotNet.Build.Tasks.Packaging/src/NuGetPack.cs:line 254 [/home/swaroops/git/runtime/src/coreclr/src/.nuget/Microsoft.NETCore.ILDAsm/Microsoft.NETCore.ILDAsm.pkgproj]
/home/swaroops/.nuget/packages/microsoft.dotnet.build.tasks.packaging/5.0.0-beta.20316.1/build/Packaging.targets(1276,5): error : Error when creating nuget packed package from /home/swaroops/git/runtime/artifacts/packages/Debug/specs/runtime.linux-x64.Microsoft.NETCore.ILDAsm.nuspec. NuGet.Packaging.Core.PackagingException: File not found: '/home/swaroops/git/runtime/artifacts/bin/coreclr/Linux.x64.Debug/ildasm'. [/home/swaroops/git/runtime/src/coreclr/src/.nuget/Microsoft.NETCore.ILDAsm/Microsoft.NETCore.ILDAsm.pkgproj]
/home/swaroops/.nuget/packages/microsoft.dotnet.build.tasks.packaging/5.0.0-beta.20316.1/build/Packaging.targets(1276,5): error :    at NuGet.Packaging.PackageBuilder.AddFiles(String basePath, String source, String destination, String exclude) [/home/swaroops/git/runtime/src/coreclr/src/.nuget/Microsoft.NETCore.ILDAsm/Microsoft.NETCore.ILDAsm.pkgproj]
/home/swaroops/.nuget/packages/microsoft.dotnet.build.tasks.packaging/5.0.0-beta.20316.1/build/Packaging.targets(1276,5): error :    at NuGet.Packaging.PackageBuilder.PopulateFiles(String basePath, IEnumerable`1 files) [/home/swaroops/git/runtime/src/coreclr/src/.nuget/Microsoft.NETCore.ILDAsm/Microsoft.NETCore.ILDAsm.pkgproj]
/home/swaroops/.nuget/packages/microsoft.dotnet.build.tasks.packaging/5.0.0-beta.20316.1/build/Packaging.targets(1276,5): error :    at Microsoft.DotNet.Build.Tasks.Packaging.NuGetPack.Pack(String nuspecPath, String nupkgPath, Manifest manifest, Boolean packSymbols) in /_/src/Microsoft.DotNet.Build.Tasks.Packaging/src/NuGetPack.cs:line 254 [/home/swaroops/git/runtime/src/coreclr/src/.nuget/Microsoft.NETCore.ILDAsm/Microsoft.NETCore.ILDAsm.pkgproj]
    0 Warning(s)
    13 Error(s)

Time Elapsed 00:02:00.73
